<?xml version="1.0" encoding="UTF-8"?>
<!-- Generated by org.testng.reporters.JUnitReportReporter -->
<testsuite hostname="DHAMONI" failures="0" tests="1" name="com.practice.test.AdminLogin_POMTest" time="4.624" errors="0" timestamp="2023-09-19T13:23:22 IST" skipped="0">
  <testcase classname="com.practice.test.AdminLogin_POMTest" name="adminPage" time="4.624"/>
</testsuite> <!-- com.practice.test.AdminLogin_POMTest -->
