<?xml version="1.0" encoding="UTF-8"?>
<!-- Generated by org.testng.reporters.JUnitReportReporter -->
<testsuite hostname="DHAMONI" failures="0" tests="1" name="com.admin_module.test.DeleteMenuPomTest" time="13.770" errors="0" timestamp="2023-09-21T13:02:34 IST" skipped="0">
  <testcase classname="com.admin_module.test.DeleteMenuPomTest" name="DeleteMenu" time="13.770">
    <system-out>
      <![CDATA[DeleteMenu---> Execution starts
DeleteMenu---> TestScript Executed successfully]]>
    </system-out>
  </testcase> <!-- DeleteMenu -->
  <system-out>
    <![CDATA[AddMenu---> Execution starts
AddMenu----> Failed
DeleteMenu---> Execution starts
DeleteMenu---> TestScript Executed successfully]]>
  </system-out>
</testsuite> <!-- com.admin_module.test.DeleteMenuPomTest -->
