<?xml version="1.0" encoding="UTF-8"?>
<!-- Generated by org.testng.reporters.JUnitReportReporter -->
<testsuite hostname="DHAMONI" failures="0" tests="1" name="com.practice.test.ReadFromCmdMavenTest" time="11.903" errors="0" timestamp="2023-09-06T13:40:42 IST" skipped="0">
  <testcase classname="com.practice.test.ReadFromCmdMavenTest" name="cmdTest" time="11.903"/>
</testsuite> <!-- com.practice.test.ReadFromCmdMavenTest -->
