<?xml version="1.0" encoding="UTF-8"?>
<!-- Generated by org.testng.reporters.JUnitReportReporter -->
<testsuite hostname="DHAMONI" failures="0" tests="4" name="TestNG.DpExcnTest" time="0.017" errors="0" timestamp="2023-09-15T15:16:15 IST" skipped="0">
  <testcase classname="TestNG.DpExcnTest" name="getData" time="0.003"/>
  <testcase classname="TestNG.DpExcnTest" name="getData" time="0.001"/>
  <testcase classname="TestNG.DpExcnTest" name="getData" time="0.010"/>
  <testcase classname="TestNG.DpExcnTest" name="getData" time="0.003"/>
</testsuite> <!-- TestNG.DpExcnTest -->
