<?xml version="1.0" encoding="UTF-8"?>
<!-- Generated by org.testng.reporters.JUnitReportReporter -->
<testsuite hostname="DHAMONI" failures="0" tests="4" name="TestNG.DataProviderTest" time="0.019" errors="0" timestamp="2023-09-15T13:46:16 IST" skipped="0">
  <testcase classname="TestNG.DataProviderTest" name="getData" time="0.004"/>
  <testcase classname="TestNG.DataProviderTest" name="getData" time="0.003"/>
  <testcase classname="TestNG.DataProviderTest" name="getData" time="0.009"/>
  <testcase classname="TestNG.DataProviderTest" name="getData" time="0.003"/>
</testsuite> <!-- TestNG.DataProviderTest -->
