<?xml version="1.0" encoding="UTF-8"?>
<!-- Generated by org.testng.reporters.JUnitReportReporter -->
<testsuite hostname="DHAMONI" failures="0" tests="2" name="TestNG.SoftAssertTest" time="0.970" errors="0" timestamp="2023-09-20T13:21:16 IST" skipped="0">
  <testcase classname="TestNG.SoftAssertTest" name="softAssertTest1" time="0.482"/>
  <testcase classname="TestNG.SoftAssertTest" name="softAssertTest2" time="0.488"/>
</testsuite> <!-- TestNG.SoftAssertTest -->
